0 info it worked if it ends with ok
1 verbose cli [ '/usr/bin/node', '/usr/bin/npm', 'install', 'socket', '--save' ]
2 info using npm@3.5.2
3 info using node@v8.10.0
4 silly loadCurrentTree Starting
5 silly install loadCurrentTree
6 silly install readLocalPackageData
7 silly fetchPackageMetaData socket
8 silly fetchNamedPackageData socket
9 silly mapToRegistry name socket
10 silly mapToRegistry using default registry
11 silly mapToRegistry registry https://registry.npmjs.org/
12 silly mapToRegistry uri https://registry.npmjs.org/socket
13 verbose request uri https://registry.npmjs.org/socket
14 verbose request no auth needed
15 info attempt registry request try #1 at 11:52:56
16 verbose request id 39bf7f75cc9f021b
17 verbose etag W/"208b30d521e8a00b6e421bd846242c0e"
18 verbose lastModified Mon, 29 Jul 2019 15:51:05 GMT
19 http request GET https://registry.npmjs.org/socket
20 http 304 https://registry.npmjs.org/socket
21 verbose headers { date: 'Sat, 08 May 2021 09:52:57 GMT',
21 verbose headers   connection: 'keep-alive',
21 verbose headers   'set-cookie':
21 verbose headers    [ '__cfduid=d919702d927024b236557a06324f3428a1620467576; expires=Mon, 07-Jun-21 09:52:56 GMT; path=/; domain=.npmjs.org; HttpOnly; SameSite=Lax' ],
21 verbose headers   'cf-ray': '64c1cc523a6d538b-PMO',
21 verbose headers   'cache-control': 'public, max-age=300',
21 verbose headers   etag: '"208b30d521e8a00b6e421bd846242c0e"',
21 verbose headers   'last-modified': 'Mon, 29 Jul 2019 15:51:05 GMT',
21 verbose headers   vary: 'Accept-Encoding',
21 verbose headers   'cf-cache-status': 'REVALIDATED',
21 verbose headers   'cf-request-id': '09ecfe07620000538b62ac0000000001',
21 verbose headers   'expect-ct': 'max-age=604800, report-uri="https://report-uri.cloudflare.com/cdn-cgi/beacon/expect-ct"',
21 verbose headers   server: 'cloudflare' }
22 silly get cb [ 304,
22 silly get   { date: 'Sat, 08 May 2021 09:52:57 GMT',
22 silly get     connection: 'keep-alive',
22 silly get     'set-cookie':
22 silly get      [ '__cfduid=d919702d927024b236557a06324f3428a1620467576; expires=Mon, 07-Jun-21 09:52:56 GMT; path=/; domain=.npmjs.org; HttpOnly; SameSite=Lax' ],
22 silly get     'cf-ray': '64c1cc523a6d538b-PMO',
22 silly get     'cache-control': 'public, max-age=300',
22 silly get     etag: '"208b30d521e8a00b6e421bd846242c0e"',
22 silly get     'last-modified': 'Mon, 29 Jul 2019 15:51:05 GMT',
22 silly get     vary: 'Accept-Encoding',
22 silly get     'cf-cache-status': 'REVALIDATED',
22 silly get     'cf-request-id': '09ecfe07620000538b62ac0000000001',
22 silly get     'expect-ct': 'max-age=604800, report-uri="https://report-uri.cloudflare.com/cdn-cgi/beacon/expect-ct"',
22 silly get     server: 'cloudflare' } ]
23 verbose etag https://registry.npmjs.org/socket from cache
24 verbose get saving socket to /home/syphax/.npm/registry.npmjs.org/socket/.cache.json
25 silly install normalizeTree
26 silly loadCurrentTree Finishing
27 silly loadIdealTree Starting
28 silly install loadIdealTree
29 silly cloneCurrentTree Starting
30 silly install cloneCurrentTreeToIdealTree
31 silly cloneCurrentTree Finishing
32 silly loadShrinkwrap Starting
33 silly install loadShrinkwrap
34 silly loadShrinkwrap Finishing
35 silly loadAllDepsIntoIdealTree Starting
36 silly install loadAllDepsIntoIdealTree
37 silly resolveWithNewModule socket@0.0.1 checking installable status
38 silly cache add args [ 'socket', null ]
39 verbose cache add spec socket
40 silly cache add parsed spec Result {
40 silly cache add   raw: 'socket',
40 silly cache add   scope: null,
40 silly cache add   name: 'socket',
40 silly cache add   rawSpec: '',
40 silly cache add   spec: 'latest',
40 silly cache add   type: 'tag' }
41 silly addNamed socket@latest
42 verbose addNamed "latest" is being treated as a dist-tag for socket
43 info addNameTag [ 'socket', 'latest' ]
44 silly mapToRegistry name socket
45 silly mapToRegistry using default registry
46 silly mapToRegistry registry https://registry.npmjs.org/
47 silly mapToRegistry uri https://registry.npmjs.org/socket
48 verbose addNameTag registry:https://registry.npmjs.org/socket not in flight; fetching
49 verbose get https://registry.npmjs.org/socket not expired, no request
50 silly addNameTag next cb for socket with tag latest
51 silly addNamed socket@0.0.1
52 verbose addNamed "0.0.1" is a plain semver version for socket
53 silly cache afterAdd socket@0.0.1
54 verbose afterAdd /home/syphax/.npm/socket/0.0.1/package/package.json not in flight; writing
55 verbose afterAdd /home/syphax/.npm/socket/0.0.1/package/package.json written
56 silly fetchNamedPackageData microtime
57 silly mapToRegistry name microtime
58 silly mapToRegistry using default registry
59 silly mapToRegistry registry https://registry.npmjs.org/
60 silly mapToRegistry uri https://registry.npmjs.org/microtime
61 verbose request uri https://registry.npmjs.org/microtime
62 verbose request no auth needed
63 info attempt registry request try #1 at 11:52:57
64 verbose etag W/"946a629cf2da5087f2c926792bd31bcd"
65 verbose lastModified Mon, 04 Feb 2019 21:10:58 GMT
66 http request GET https://registry.npmjs.org/microtime
67 http 503 https://registry.npmjs.org/microtime
68 verbose headers { date: 'Sat, 08 May 2021 09:53:16 GMT',
68 verbose headers   'content-type': 'application/json',
68 verbose headers   'content-length': '31',
68 verbose headers   connection: 'keep-alive',
68 verbose headers   'set-cookie':
68 verbose headers    [ '__cfduid=d7fac789ae65c219f4e0f8bc70318c8371620467578; expires=Mon, 07-Jun-21 09:52:58 GMT; path=/; domain=.npmjs.org; HttpOnly; SameSite=Lax' ],
68 verbose headers   'cf-request-id': '09ecfe0cb20000538b72882000000001',
68 verbose headers   'expect-ct': 'max-age=604800, report-uri="https://report-uri.cloudflare.com/cdn-cgi/beacon/expect-ct"',
68 verbose headers   vary: 'Accept-Encoding',
68 verbose headers   server: 'cloudflare',
68 verbose headers   'cf-ray': '64c1cc5abe4a538b-PMO' }
69 info retry will retry, error on last attempt: Error: Service Unavailable : microtime
70 info attempt registry request try #2 at 11:53:26
71 verbose etag W/"946a629cf2da5087f2c926792bd31bcd"
72 verbose lastModified Mon, 04 Feb 2019 21:10:58 GMT
73 http request GET https://registry.npmjs.org/microtime
74 http 304 https://registry.npmjs.org/microtime
75 verbose headers { date: 'Sat, 08 May 2021 09:53:27 GMT',
75 verbose headers   connection: 'keep-alive',
75 verbose headers   'set-cookie':
75 verbose headers    [ '__cfduid=d0143d5e534ba4f565a349c61f65e6c561620467606; expires=Mon, 07-Jun-21 09:53:26 GMT; path=/; domain=.npmjs.org; HttpOnly; SameSite=Lax' ],
75 verbose headers   'cf-ray': '64c1cd0b7f275380-PMO',
75 verbose headers   'cache-control': 'public, max-age=300',
75 verbose headers   etag: '"946a629cf2da5087f2c926792bd31bcd"',
75 verbose headers   'last-modified': 'Mon, 04 Feb 2019 21:10:58 GMT',
75 verbose headers   vary: 'Accept-Encoding',
75 verbose headers   'cf-cache-status': 'REVALIDATED',
75 verbose headers   'cf-request-id': '09ecfe7b2f000053809ebd0000000001',
75 verbose headers   'expect-ct': 'max-age=604800, report-uri="https://report-uri.cloudflare.com/cdn-cgi/beacon/expect-ct"',
75 verbose headers   server: 'cloudflare' }
76 silly get cb [ 304,
76 silly get   { date: 'Sat, 08 May 2021 09:53:27 GMT',
76 silly get     connection: 'keep-alive',
76 silly get     'set-cookie':
76 silly get      [ '__cfduid=d0143d5e534ba4f565a349c61f65e6c561620467606; expires=Mon, 07-Jun-21 09:53:26 GMT; path=/; domain=.npmjs.org; HttpOnly; SameSite=Lax' ],
76 silly get     'cf-ray': '64c1cd0b7f275380-PMO',
76 silly get     'cache-control': 'public, max-age=300',
76 silly get     etag: '"946a629cf2da5087f2c926792bd31bcd"',
76 silly get     'last-modified': 'Mon, 04 Feb 2019 21:10:58 GMT',
76 silly get     vary: 'Accept-Encoding',
76 silly get     'cf-cache-status': 'REVALIDATED',
76 silly get     'cf-request-id': '09ecfe7b2f000053809ebd0000000001',
76 silly get     'expect-ct': 'max-age=604800, report-uri="https://report-uri.cloudflare.com/cdn-cgi/beacon/expect-ct"',
76 silly get     server: 'cloudflare' } ]
77 verbose etag https://registry.npmjs.org/microtime from cache
78 verbose get saving microtime to /home/syphax/.npm/registry.npmjs.org/microtime/.cache.json
79 silly resolveWithNewModule microtime@0.2.0 checking installable status
80 silly cache add args [ 'microtime@=0.2.0', null ]
81 verbose cache add spec microtime@=0.2.0
82 silly cache add parsed spec Result {
82 silly cache add   raw: 'microtime@=0.2.0',
82 silly cache add   scope: null,
82 silly cache add   name: 'microtime',
82 silly cache add   rawSpec: '=0.2.0',
82 silly cache add   spec: '0.2.0',
82 silly cache add   type: 'version' }
83 silly addNamed microtime@0.2.0
84 verbose addNamed "0.2.0" is a plain semver version for microtime
85 silly mapToRegistry name microtime
86 silly mapToRegistry using default registry
87 silly mapToRegistry registry https://registry.npmjs.org/
88 silly mapToRegistry uri https://registry.npmjs.org/microtime
89 verbose addNameVersion registry:https://registry.npmjs.org/microtime not in flight; fetching
90 verbose get https://registry.npmjs.org/microtime not expired, no request
91 silly cache afterAdd microtime@0.2.0
92 verbose afterAdd /home/syphax/.npm/microtime/0.2.0/package/package.json not in flight; writing
93 verbose afterAdd /home/syphax/.npm/microtime/0.2.0/package/package.json written
94 silly loadAllDepsIntoIdealTree Finishing
95 silly idealTree:prePrune serveur@1.0.0
95 silly idealTree:prePrune ├── accepts@1.3.7
95 silly idealTree:prePrune ├── array-flatten@1.1.1
95 silly idealTree:prePrune ├── bytes@3.1.0
95 silly idealTree:prePrune ├── content-disposition@0.5.3
95 silly idealTree:prePrune ├── content-type@1.0.4
95 silly idealTree:prePrune ├── cookie-signature@1.0.6
95 silly idealTree:prePrune ├── cookie@0.4.0
95 silly idealTree:prePrune ├── debug@2.6.9
95 silly idealTree:prePrune ├── depd@1.1.2
95 silly idealTree:prePrune ├── destroy@1.0.4
95 silly idealTree:prePrune ├── ee-first@1.1.1
95 silly idealTree:prePrune ├── encodeurl@1.0.2
95 silly idealTree:prePrune ├── escape-html@1.0.3
95 silly idealTree:prePrune ├── etag@1.8.1
95 silly idealTree:prePrune ├─┬ express@4.17.1
95 silly idealTree:prePrune │ └── body-parser@1.19.0
95 silly idealTree:prePrune ├── finalhandler@1.1.2
95 silly idealTree:prePrune ├── forwarded@0.1.2
95 silly idealTree:prePrune ├── fresh@0.5.2
95 silly idealTree:prePrune ├── http-errors@1.7.2
95 silly idealTree:prePrune ├── iconv-lite@0.4.24
95 silly idealTree:prePrune ├── inherits@2.0.3
95 silly idealTree:prePrune ├── ipaddr.js@1.9.1
95 silly idealTree:prePrune ├── media-typer@0.3.0
95 silly idealTree:prePrune ├── merge-descriptors@1.0.1
95 silly idealTree:prePrune ├── methods@1.1.2
95 silly idealTree:prePrune ├── microtime@0.2.0
95 silly idealTree:prePrune ├── mime-db@1.47.0
95 silly idealTree:prePrune ├── mime-types@2.1.30
95 silly idealTree:prePrune ├── mime@1.6.0
95 silly idealTree:prePrune ├── ms@2.0.0
95 silly idealTree:prePrune ├── negotiator@0.6.2
95 silly idealTree:prePrune ├── on-finished@2.3.0
95 silly idealTree:prePrune ├── parseurl@1.3.3
95 silly idealTree:prePrune ├── path-to-regexp@0.1.7
95 silly idealTree:prePrune ├── proxy-addr@2.0.6
95 silly idealTree:prePrune ├── qs@6.7.0
95 silly idealTree:prePrune ├── range-parser@1.2.1
95 silly idealTree:prePrune ├── raw-body@2.4.0
95 silly idealTree:prePrune ├── safe-buffer@5.1.2
95 silly idealTree:prePrune ├── safer-buffer@2.1.2
95 silly idealTree:prePrune ├─┬ send@0.17.1
95 silly idealTree:prePrune │ └── ms@2.1.1
95 silly idealTree:prePrune ├── serve-static@1.14.1
95 silly idealTree:prePrune ├── setprototypeof@1.1.1
95 silly idealTree:prePrune ├── socket@0.0.1
95 silly idealTree:prePrune ├── statuses@1.5.0
95 silly idealTree:prePrune ├── toidentifier@1.0.0
95 silly idealTree:prePrune ├── type-is@1.6.18
95 silly idealTree:prePrune ├── unpipe@1.0.0
95 silly idealTree:prePrune ├── utils-merge@1.0.1
95 silly idealTree:prePrune └── vary@1.1.2
96 silly loadIdealTree Finishing
97 silly currentTree serveur@1.0.0
97 silly currentTree ├── accepts@1.3.7
97 silly currentTree ├── array-flatten@1.1.1
97 silly currentTree ├── bytes@3.1.0
97 silly currentTree ├── content-disposition@0.5.3
97 silly currentTree ├── content-type@1.0.4
97 silly currentTree ├── cookie-signature@1.0.6
97 silly currentTree ├── cookie@0.4.0
97 silly currentTree ├── debug@2.6.9
97 silly currentTree ├── depd@1.1.2
97 silly currentTree ├── destroy@1.0.4
97 silly currentTree ├── ee-first@1.1.1
97 silly currentTree ├── encodeurl@1.0.2
97 silly currentTree ├── escape-html@1.0.3
97 silly currentTree ├── etag@1.8.1
97 silly currentTree ├─┬ express@4.17.1
97 silly currentTree │ └── body-parser@1.19.0
97 silly currentTree ├── finalhandler@1.1.2
97 silly currentTree ├── forwarded@0.1.2
97 silly currentTree ├── fresh@0.5.2
97 silly currentTree ├── http-errors@1.7.2
97 silly currentTree ├── iconv-lite@0.4.24
97 silly currentTree ├── inherits@2.0.3
97 silly currentTree ├── ipaddr.js@1.9.1
97 silly currentTree ├── media-typer@0.3.0
97 silly currentTree ├── merge-descriptors@1.0.1
97 silly currentTree ├── methods@1.1.2
97 silly currentTree ├── mime-db@1.47.0
97 silly currentTree ├── mime-types@2.1.30
97 silly currentTree ├── mime@1.6.0
97 silly currentTree ├── ms@2.0.0
97 silly currentTree ├── negotiator@0.6.2
97 silly currentTree ├── on-finished@2.3.0
97 silly currentTree ├── parseurl@1.3.3
97 silly currentTree ├── path-to-regexp@0.1.7
97 silly currentTree ├── proxy-addr@2.0.6
97 silly currentTree ├── qs@6.7.0
97 silly currentTree ├── range-parser@1.2.1
97 silly currentTree ├── raw-body@2.4.0
97 silly currentTree ├── safe-buffer@5.1.2
97 silly currentTree ├── safer-buffer@2.1.2
97 silly currentTree ├─┬ send@0.17.1
97 silly currentTree │ └── ms@2.1.1
97 silly currentTree ├── serve-static@1.14.1
97 silly currentTree ├── setprototypeof@1.1.1
97 silly currentTree ├── statuses@1.5.0
97 silly currentTree ├── toidentifier@1.0.0
97 silly currentTree ├── type-is@1.6.18
97 silly currentTree ├── unpipe@1.0.0
97 silly currentTree ├── utils-merge@1.0.1
97 silly currentTree └── vary@1.1.2
98 silly idealTree serveur@1.0.0
98 silly idealTree ├── accepts@1.3.7
98 silly idealTree ├── array-flatten@1.1.1
98 silly idealTree ├── bytes@3.1.0
98 silly idealTree ├── content-disposition@0.5.3
98 silly idealTree ├── content-type@1.0.4
98 silly idealTree ├── cookie-signature@1.0.6
98 silly idealTree ├── cookie@0.4.0
98 silly idealTree ├── debug@2.6.9
98 silly idealTree ├── depd@1.1.2
98 silly idealTree ├── destroy@1.0.4
98 silly idealTree ├── ee-first@1.1.1
98 silly idealTree ├── encodeurl@1.0.2
98 silly idealTree ├── escape-html@1.0.3
98 silly idealTree ├── etag@1.8.1
98 silly idealTree ├─┬ express@4.17.1
98 silly idealTree │ └── body-parser@1.19.0
98 silly idealTree ├── finalhandler@1.1.2
98 silly idealTree ├── forwarded@0.1.2
98 silly idealTree ├── fresh@0.5.2
98 silly idealTree ├── http-errors@1.7.2
98 silly idealTree ├── iconv-lite@0.4.24
98 silly idealTree ├── inherits@2.0.3
98 silly idealTree ├── ipaddr.js@1.9.1
98 silly idealTree ├── media-typer@0.3.0
98 silly idealTree ├── merge-descriptors@1.0.1
98 silly idealTree ├── methods@1.1.2
98 silly idealTree ├── microtime@0.2.0
98 silly idealTree ├── mime-db@1.47.0
98 silly idealTree ├── mime-types@2.1.30
98 silly idealTree ├── mime@1.6.0
98 silly idealTree ├── ms@2.0.0
98 silly idealTree ├── negotiator@0.6.2
98 silly idealTree ├── on-finished@2.3.0
98 silly idealTree ├── parseurl@1.3.3
98 silly idealTree ├── path-to-regexp@0.1.7
98 silly idealTree ├── proxy-addr@2.0.6
98 silly idealTree ├── qs@6.7.0
98 silly idealTree ├── range-parser@1.2.1
98 silly idealTree ├── raw-body@2.4.0
98 silly idealTree ├── safe-buffer@5.1.2
98 silly idealTree ├── safer-buffer@2.1.2
98 silly idealTree ├─┬ send@0.17.1
98 silly idealTree │ └── ms@2.1.1
98 silly idealTree ├── serve-static@1.14.1
98 silly idealTree ├── setprototypeof@1.1.1
98 silly idealTree ├── socket@0.0.1
98 silly idealTree ├── statuses@1.5.0
98 silly idealTree ├── toidentifier@1.0.0
98 silly idealTree ├── type-is@1.6.18
98 silly idealTree ├── unpipe@1.0.0
98 silly idealTree ├── utils-merge@1.0.1
98 silly idealTree └── vary@1.1.2
99 silly generateActionsToTake Starting
100 silly install generateActionsToTake
101 silly generateActionsToTake Finishing
102 silly diffTrees action count 2
103 silly diffTrees add microtime@0.2.0
104 silly diffTrees add socket@0.0.1
105 silly decomposeActions action count 16
106 silly decomposeActions fetch microtime@0.2.0
107 silly decomposeActions extract microtime@0.2.0
108 silly decomposeActions test microtime@0.2.0
109 silly decomposeActions preinstall microtime@0.2.0
110 silly decomposeActions build microtime@0.2.0
111 silly decomposeActions install microtime@0.2.0
112 silly decomposeActions postinstall microtime@0.2.0
113 silly decomposeActions finalize microtime@0.2.0
114 silly decomposeActions fetch socket@0.0.1
115 silly decomposeActions extract socket@0.0.1
116 silly decomposeActions test socket@0.0.1
117 silly decomposeActions preinstall socket@0.0.1
118 silly decomposeActions build socket@0.0.1
119 silly decomposeActions install socket@0.0.1
120 silly decomposeActions postinstall socket@0.0.1
121 silly decomposeActions finalize socket@0.0.1
122 silly executeActions Starting
123 silly install executeActions
124 silly doSerial global-install 0
125 silly doParallel fetch 2
126 verbose lock using /home/syphax/.npm/_locks/staging-acb523cc7cbe0ea1.lock for /home/syphax/Code/v3.0/node_modules/.staging
127 silly doParallel extract 2
128 silly extract microtime@0.2.0
129 silly extract socket@0.0.1
130 verbose unbuild node_modules/.staging/microtime-8730d660
131 verbose unbuild node_modules/.staging/socket-a5d7818a
132 silly gentlyRm /home/syphax/Code/v3.0/node_modules/.staging/microtime-8730d660 is being purged from base /home/syphax/Code/v3.0
133 verbose gentlyRm don't care about contents; nuking /home/syphax/Code/v3.0/node_modules/.staging/microtime-8730d660
134 silly gentlyRm /home/syphax/Code/v3.0/node_modules/.staging/socket-a5d7818a is being purged from base /home/syphax/Code/v3.0
135 verbose gentlyRm don't care about contents; nuking /home/syphax/Code/v3.0/node_modules/.staging/socket-a5d7818a
136 verbose tar unpack /home/syphax/.npm/microtime/0.2.0/package.tgz
137 verbose tar unpacking to /home/syphax/Code/v3.0/node_modules/.staging/microtime-8730d660
138 silly gentlyRm /home/syphax/Code/v3.0/node_modules/.staging/microtime-8730d660 is being purged
139 verbose gentlyRm don't care about contents; nuking /home/syphax/Code/v3.0/node_modules/.staging/microtime-8730d660
140 verbose tar unpack /home/syphax/.npm/socket/0.0.1/package.tgz
141 verbose tar unpacking to /home/syphax/Code/v3.0/node_modules/.staging/socket-a5d7818a
142 silly gentlyRm /home/syphax/Code/v3.0/node_modules/.staging/socket-a5d7818a is being purged
143 verbose gentlyRm don't care about contents; nuking /home/syphax/Code/v3.0/node_modules/.staging/socket-a5d7818a
144 silly gunzTarPerm modes [ '755', '644' ]
145 silly gunzTarPerm modes [ '755', '644' ]
146 silly gunzTarPerm extractEntry index.js
147 silly gunzTarPerm extractEntry examples/
148 silly gunzTarPerm extractEntry LICENSE
149 silly gunzTarPerm extractEntry package.json
150 silly gunzTarPerm extractEntry examples/echo-server.js
151 silly gunzTarPerm extractEntry examples/simple-test.js
152 silly gunzTarPerm extractEntry examples/simple-time-server.js
153 silly gunzTarPerm extractEntry index.js
154 silly gunzTarPerm extractEntry lib/
155 silly gunzTarPerm extractEntry README.md
156 silly gunzTarPerm extractEntry test.js
157 silly gunzTarPerm extractEntry lib/index.js
158 silly gunzTarPerm extractEntry lib/middleware/
159 silly gunzTarPerm extractEntry wscript
160 silly gunzTarPerm extractEntry src/microtime.cc
161 silly gunzTarPerm extractEntry lib/middleware/echo.js
162 silly gunzTarPerm extractEntry lib/middleware/errorHandler.js
163 silly gunzTarPerm extractEntry lib/middleware/json.js
164 silly gunzTarPerm extractEntry lib/middleware/profiler.js
165 silly gunzTarPerm extractEntry lib/proto.js
166 silly gunzTarPerm extractEntry lib/utils.js
167 silly gunzTarPerm extractEntry nbproject/
168 silly gunzTarPerm extractEntry nbproject/private/
169 silly gunzTarPerm extractEntry nbproject/private/private.properties
170 silly gunzTarPerm extractEntry nbproject/project.properties
171 silly gunzTarPerm extractEntry nbproject/project.xml
172 silly gunzTarPerm extractEntry package.json
173 silly gunzTarPerm extractEntry scripts/
174 silly gunzTarPerm extractEntry scripts/lint
175 silly gentlyRm /home/syphax/Code/v3.0/node_modules/.staging/microtime-8730d660/node_modules is being purged
176 verbose gentlyRm don't care about contents; nuking /home/syphax/Code/v3.0/node_modules/.staging/microtime-8730d660/node_modules
177 silly gentlyRm /home/syphax/Code/v3.0/node_modules/.staging/socket-a5d7818a/node_modules is being purged
178 verbose gentlyRm don't care about contents; nuking /home/syphax/Code/v3.0/node_modules/.staging/socket-a5d7818a/node_modules
179 silly doParallel preinstall 2
180 silly preinstall microtime@0.2.0 /home/syphax/Code/v3.0/node_modules/.staging/microtime-8730d660
181 info lifecycle microtime@0.2.0~preinstall: microtime@0.2.0
182 silly preinstall socket@0.0.1 /home/syphax/Code/v3.0/node_modules/.staging/socket-a5d7818a
183 info lifecycle socket@0.0.1~preinstall: socket@0.0.1
184 silly lifecycle microtime@0.2.0~preinstall: no script for preinstall, continuing
185 silly lifecycle socket@0.0.1~preinstall: no script for preinstall, continuing
186 silly doReverseSerial remove 0
187 silly doSerial move 0
188 silly doSerial finalize 2
189 silly finalize /home/syphax/Code/v3.0/node_modules/microtime
190 silly finalize /home/syphax/Code/v3.0/node_modules/socket
191 silly doSerial build 2
192 silly build microtime@0.2.0
193 info linkStuff microtime@0.2.0
194 silly linkStuff microtime@0.2.0 has /home/syphax/Code/v3.0/node_modules as its parent node_modules
195 verbose linkBins microtime@0.2.0
196 verbose linkMans microtime@0.2.0
197 silly build socket@0.0.1
198 info linkStuff socket@0.0.1
199 silly linkStuff socket@0.0.1 has /home/syphax/Code/v3.0/node_modules as its parent node_modules
200 verbose linkBins socket@0.0.1
201 verbose linkMans socket@0.0.1
202 silly doSerial global-link 0
203 silly doParallel update-linked 0
204 silly doSerial install 2
205 silly install microtime@0.2.0 /home/syphax/Code/v3.0/node_modules/.staging/microtime-8730d660
206 info lifecycle microtime@0.2.0~install: microtime@0.2.0
207 verbose lifecycle microtime@0.2.0~install: unsafe-perm in lifecycle true
208 verbose lifecycle microtime@0.2.0~install: PATH: /usr/share/npm/bin/node-gyp-bin:/home/syphax/Code/v3.0/node_modules/microtime/node_modules/.bin:/home/syphax/Code/v3.0/node_modules/.bin:/usr/local/sbin:/usr/local/bin:/usr/sbin:/usr/bin:/sbin:/bin:/usr/games:/usr/local/games:/snap/bin
209 verbose lifecycle microtime@0.2.0~install: CWD: /home/syphax/Code/v3.0/node_modules/microtime
210 silly lifecycle microtime@0.2.0~install: Args: [ '-c', 'node-waf configure build' ]
211 info lifecycle microtime@0.2.0~install: Failed to exec install script
212 verbose unlock done using /home/syphax/.npm/_locks/staging-acb523cc7cbe0ea1.lock for /home/syphax/Code/v3.0/node_modules/.staging
213 silly rollbackFailedOptional Starting
214 silly rollbackFailedOptional Finishing
215 silly runTopLevelLifecycles Starting
216 silly runTopLevelLifecycles Finishing
217 silly install printInstalled
218 warn serveur@1.0.0 No repository field.
219 verbose stack Error: microtime@0.2.0 install: `node-waf configure build`
219 verbose stack spawn ENOENT
219 verbose stack     at ChildProcess.<anonymous> (/usr/share/npm/lib/utils/spawn.js:17:16)
219 verbose stack     at emitTwo (events.js:126:13)
219 verbose stack     at ChildProcess.emit (events.js:214:7)
219 verbose stack     at maybeClose (internal/child_process.js:925:16)
219 verbose stack     at Process.ChildProcess._handle.onexit (internal/child_process.js:209:5)
220 verbose pkgid microtime@0.2.0
221 verbose cwd /home/syphax/Code/v3.0
222 error Linux 4.15.0-142-generic
223 error argv "/usr/bin/node" "/usr/bin/npm" "install" "socket" "--save"
224 error node v8.10.0
225 error npm  v3.5.2
226 error file sh
227 error code ELIFECYCLE
228 error errno ENOENT
229 error syscall spawn
230 error microtime@0.2.0 install: `node-waf configure build`
230 error spawn ENOENT
231 error Failed at the microtime@0.2.0 install script 'node-waf configure build'.
231 error Make sure you have the latest version of node.js and npm installed.
231 error If you do, this is most likely a problem with the microtime package,
231 error not with npm itself.
231 error Tell the author that this fails on your system:
231 error     node-waf configure build
231 error You can get information on how to open an issue for this project with:
231 error     npm bugs microtime
231 error Or if that isn't available, you can get their info via:
231 error     npm owner ls microtime
231 error There is likely additional logging output above.
232 verbose exit [ 1, true ]
